[debug] [2018-04-17T21:21:40.265Z] ----------------------------------------------------------------------
[debug] [2018-04-17T21:21:40.267Z] Command:       /usr/local/Cellar/node/9.9.0/bin/node /usr/local/bin/firebase serve
[debug] [2018-04-17T21:21:40.267Z] CLI Version:   3.18.4
[debug] [2018-04-17T21:21:40.267Z] Platform:      darwin
[debug] [2018-04-17T21:21:40.267Z] Node Version:  v9.9.0
[debug] [2018-04-17T21:21:40.268Z] Time:          Tue Apr 17 2018 23:21:40 GMT+0200 (CEST)
[debug] [2018-04-17T21:21:40.268Z] ----------------------------------------------------------------------
[debug] 
[debug] [2018-04-17T21:21:40.279Z] > command requires scopes: ["email","openid","https://www.googleapis.com/auth/cloudplatformprojects.readonly","https://www.googleapis.com/auth/firebase","https://www.googleapis.com/auth/cloud-platform"]
[debug] [2018-04-17T21:21:40.279Z] > authorizing via signed-in user
[debug] [2018-04-17T21:21:40.281Z] >>> HTTP REQUEST GET https://admin.firebase.com/v1/projects/fir-tests-504a2  
  
 Tue Apr 17 2018 23:21:40 GMT+0200 (CEST)
[debug] [2018-04-17T21:21:41.019Z] <<< HTTP RESPONSE 200
[debug] [2018-04-17T21:21:41.020Z] >>> HTTP REQUEST GET https://admin.firebase.com/v1/database/fir-tests-504a2/tokens  
  
 Tue Apr 17 2018 23:21:41 GMT+0200 (CEST)
[debug] [2018-04-17T21:21:41.679Z] <<< HTTP RESPONSE 200
[debug] [2018-04-17T21:21:41.680Z] >>> HTTP REQUEST GET https://cloudresourcemanager.googleapis.com/v1/projects/fir-tests-504a2  
  
 Tue Apr 17 2018 23:21:41 GMT+0200 (CEST)
[debug] [2018-04-17T21:21:42.656Z] <<< HTTP RESPONSE 200
[info] 
[info] === Serving from '/Users/pslawek/git/moj/firebase/firebase-auth'...
[info] 
[debug] [2018-04-17T21:21:42.658Z] >>> HTTP REQUEST GET https://mobilesdk-pa.googleapis.com/v1/projects/440215787226/clients/_:getWebAppConfig  
  
 Tue Apr 17 2018 23:21:42 GMT+0200 (CEST)
[debug] [2018-04-17T21:21:43.492Z] <<< HTTP RESPONSE 200
[info] i  hosting: Serving hosting files from: public
[info] ✔  hosting: Local server: http://localhost:5000

